<?xml version="1.0" encoding="UTF-8"?>
<testsuite xmlns:xsi="http://www.w3.org/2001/XMLSchema-instance" xsi:noNamespaceSchemaLocation="https://maven.apache.org/surefire/maven-surefire-plugin/xsd/surefire-test-report-3.0.xsd" version="3.0" name="com.sapient.dao.ClaimPostgresImplTest" time="0.978" tests="5" errors="0" skipped="0" failures="0">
  <properties>
    <property name="sun.desktop" value="windows"/>
    <property name="awt.toolkit" value="sun.awt.windows.WToolkit"/>
    <property name="java.specification.version" value="11"/>
    <property name="sun.cpu.isalist" value="amd64"/>
    <property name="sonar.login" value="admin"/>
    <property name="sun.jnu.encoding" value="Cp1252"/>
    <property name="java.class.path" value="C:\MyFolders\MaamGlobalinshorancejava11\sapientjun2022\globalinsyrancejava11\target\test-classes;C:\MyFolders\MaamGlobalinshorancejava11\sapientjun2022\globalinsyrancejava11\target\classes;C:\Users\mohpatil\.m2\repository\org\projectlombok\lombok\1.18.24\lombok-1.18.24.jar;C:\Users\mohpatil\.m2\repository\ch\qos\logback\logback-core\1.2.11\logback-core-1.2.11.jar;C:\Users\mohpatil\.m2\repository\ch\qos\logback\logback-classic\1.2.11\logback-classic-1.2.11.jar;C:\Users\mohpatil\.m2\repository\org\slf4j\slf4j-api\1.7.36\slf4j-api-1.7.36.jar;C:\Users\mohpatil\.m2\repository\org\junit\jupiter\junit-jupiter\5.8.2\junit-jupiter-5.8.2.jar;C:\Users\mohpatil\.m2\repository\org\junit\jupiter\junit-jupiter-engine\5.8.2\junit-jupiter-engine-5.8.2.jar;C:\Users\mohpatil\.m2\repository\org\junit\platform\junit-platform-engine\1.8.2\junit-platform-engine-1.8.2.jar;C:\Users\mohpatil\.m2\repository\org\junit\jupiter\junit-jupiter-api\5.8.2\junit-jupiter-api-5.8.2.jar;C:\Users\mohpatil\.m2\repository\org\opentest4j\opentest4j\1.2.0\opentest4j-1.2.0.jar;C:\Users\mohpatil\.m2\repository\org\junit\platform\junit-platform-commons\1.8.2\junit-platform-commons-1.8.2.jar;C:\Users\mohpatil\.m2\repository\org\apiguardian\apiguardian-api\1.1.2\apiguardian-api-1.1.2.jar;C:\Users\mohpatil\.m2\repository\org\junit\jupiter\junit-jupiter-params\5.8.2\junit-jupiter-params-5.8.2.jar;C:\Users\mohpatil\.m2\repository\org\junit\platform\junit-platform-suite\1.9.0-M1\junit-platform-suite-1.9.0-M1.jar;C:\Users\mohpatil\.m2\repository\org\junit\platform\junit-platform-suite-api\1.9.0-M1\junit-platform-suite-api-1.9.0-M1.jar;C:\Users\mohpatil\.m2\repository\org\junit\platform\junit-platform-suite-engine\1.9.0-M1\junit-platform-suite-engine-1.9.0-M1.jar;C:\Users\mohpatil\.m2\repository\org\junit\platform\junit-platform-suite-commons\1.9.0-M1\junit-platform-suite-commons-1.9.0-M1.jar;C:\Users\mohpatil\.m2\repository\org\junit\platform\junit-platform-launcher\1.9.0-M1\junit-platform-launcher-1.9.0-M1.jar;C:\Users\mohpatil\.m2\repository\org\apache\commons\commons-lang3\3.12.0\commons-lang3-3.12.0.jar;C:\Users\mohpatil\.m2\repository\org\mongodb\mongodb-driver\3.12.11\mongodb-driver-3.12.11.jar;C:\Users\mohpatil\.m2\repository\org\mongodb\bson\3.12.11\bson-3.12.11.jar;C:\Users\mohpatil\.m2\repository\org\mongodb\mongodb-driver-core\3.12.11\mongodb-driver-core-3.12.11.jar;C:\Users\mohpatil\.m2\repository\com\google\code\gson\gson\2.9.0\gson-2.9.0.jar;C:\Users\mohpatil\.m2\repository\org\hamcrest\hamcrest\2.2\hamcrest-2.2.jar;C:\Users\mohpatil\.m2\repository\org\hamcrest\hamcrest-all\1.3\hamcrest-all-1.3.jar;C:\Users\mohpatil\.m2\repository\org\postgresql\postgresql\42.4.0\postgresql-42.4.0.jar;C:\Users\mohpatil\.m2\repository\org\checkerframework\checker-qual\3.5.0\checker-qual-3.5.0.jar;C:\Users\mohpatil\.m2\repository\org\apache\maven\plugins\maven-surefire-report-plugin\3.0.0-M7\maven-surefire-report-plugin-3.0.0-M7.jar;C:\Users\mohpatil\.m2\repository\org\apache\maven\surefire\surefire-report-parser\3.0.0-M7\surefire-report-parser-3.0.0-M7.jar;C:\Users\mohpatil\.m2\repository\org\apache\maven\surefire\surefire-logger-api\3.0.0-M7\surefire-logger-api-3.0.0-M7.jar;C:\Users\mohpatil\.m2\repository\org\apache\maven\shared\maven-shared-utils\3.3.4\maven-shared-utils-3.3.4.jar;C:\Users\mohpatil\.m2\repository\commons-io\commons-io\2.6\commons-io-2.6.jar;C:\Users\mohpatil\.m2\repository\org\apache\maven\reporting\maven-reporting-api\3.1.0\maven-reporting-api-3.1.0.jar;C:\Users\mohpatil\.m2\repository\org\apache\maven\reporting\maven-reporting-impl\3.1.0\maven-reporting-impl-3.1.0.jar;C:\Users\mohpatil\.m2\repository\org\apache\maven\doxia\doxia-sink-api\1.11.1\doxia-sink-api-1.11.1.jar;C:\Users\mohpatil\.m2\repository\org\apache\maven\doxia\doxia-logging-api\1.11.1\doxia-logging-api-1.11.1.jar;C:\Users\mohpatil\.m2\repository\org\apache\maven\doxia\doxia-decoration-model\1.11.1\doxia-decoration-model-1.11.1.jar;C:\Users\mohpatil\.m2\repository\org\codehaus\plexus\plexus-component-annotations\2.0.0\plexus-component-annotations-2.0.0.jar;C:\Users\mohpatil\.m2\repository\org\apache\maven\doxia\doxia-core\1.11.1\doxia-core-1.11.1.jar;C:\Users\mohpatil\.m2\repository\org\codehaus\plexus\plexus-container-default\2.1.0\plexus-container-default-2.1.0.jar;C:\Users\mohpatil\.m2\repository\org\codehaus\plexus\plexus-classworlds\2.6.0\plexus-classworlds-2.6.0.jar;C:\Users\mohpatil\.m2\repository\org\apache\xbean\xbean-reflect\3.7\xbean-reflect-3.7.jar;C:\Users\mohpatil\.m2\repository\com\google\collections\google-collections\1.0\google-collections-1.0.jar;C:\Users\mohpatil\.m2\repository\org\apache\commons\commons-text\1.3\commons-text-1.3.jar;C:\Users\mohpatil\.m2\repository\org\apache\httpcomponents\httpclient\4.5.13\httpclient-4.5.13.jar;C:\Users\mohpatil\.m2\repository\commons-logging\commons-logging\1.2\commons-logging-1.2.jar;C:\Users\mohpatil\.m2\repository\commons-codec\commons-codec\1.11\commons-codec-1.11.jar;C:\Users\mohpatil\.m2\repository\org\apache\httpcomponents\httpcore\4.4.14\httpcore-4.4.14.jar;C:\Users\mohpatil\.m2\repository\org\apache\maven\doxia\doxia-site-renderer\1.11.1\doxia-site-renderer-1.11.1.jar;C:\Users\mohpatil\.m2\repository\org\apache\maven\maven-artifact\3.0\maven-artifact-3.0.jar;C:\Users\mohpatil\.m2\repository\org\apache\maven\doxia\doxia-skin-model\1.11.1\doxia-skin-model-1.11.1.jar;C:\Users\mohpatil\.m2\repository\org\apache\maven\doxia\doxia-module-xhtml\1.11.1\doxia-module-xhtml-1.11.1.jar;C:\Users\mohpatil\.m2\repository\org\apache\maven\doxia\doxia-module-xhtml5\1.11.1\doxia-module-xhtml5-1.11.1.jar;C:\Users\mohpatil\.m2\repository\org\codehaus\plexus\plexus-i18n\1.0-beta-10\plexus-i18n-1.0-beta-10.jar;C:\Users\mohpatil\.m2\repository\org\codehaus\plexus\plexus-velocity\1.2\plexus-velocity-1.2.jar;C:\Users\mohpatil\.m2\repository\org\apache\velocity\velocity\1.7\velocity-1.7.jar;C:\Users\mohpatil\.m2\repository\commons-lang\commons-lang\2.4\commons-lang-2.4.jar;C:\Users\mohpatil\.m2\repository\org\apache\velocity\velocity-tools\2.0\velocity-tools-2.0.jar;C:\Users\mohpatil\.m2\repository\commons-beanutils\commons-beanutils\1.7.0\commons-beanutils-1.7.0.jar;C:\Users\mohpatil\.m2\repository\commons-digester\commons-digester\1.8\commons-digester-1.8.jar;C:\Users\mohpatil\.m2\repository\commons-chain\commons-chain\1.1\commons-chain-1.1.jar;C:\Users\mohpatil\.m2\repository\dom4j\dom4j\1.1\dom4j-1.1.jar;C:\Users\mohpatil\.m2\repository\oro\oro\2.0.8\oro-2.0.8.jar;C:\Users\mohpatil\.m2\repository\commons-collections\commons-collections\3.2.2\commons-collections-3.2.2.jar;C:\Users\mohpatil\.m2\repository\org\codehaus\plexus\plexus-utils\3.0.24\plexus-utils-3.0.24.jar;"/>
    <property name="java.vm.vendor" value="Oracle Corporation"/>
    <property name="sun.arch.data.model" value="64"/>
    <property name="user.variant" value=""/>
    <property name="java.vendor.url" value="https://openjdk.java.net/"/>
    <property name="user.timezone" value="Asia/Calcutta"/>
    <property name="java.vm.specification.version" value="11"/>
    <property name="os.name" value="Windows 10"/>
    <property name="sun.java.launcher" value="SUN_STANDARD"/>
    <property name="user.country" value="US"/>
    <property name="sonar.password" value="qpwoe@123"/>
    <property name="sun.boot.library.path" value="C:\Program Files\Java\jdk-11.0.15.1\bin"/>
    <property name="sun.java.command" value="C:\Users\mohpatil\AppData\Local\Temp\surefire14579300874602828542\surefirebooter15647527288672818861.jar C:\Users\mohpatil\AppData\Local\Temp\surefire14579300874602828542 2022-07-08T09-17-56_218-jvmRun1 surefire6892199202025737021tmp surefire_08450501469739673641tmp"/>
    <property name="jdk.debug" value="release"/>
    <property name="surefire.test.class.path" value="C:\MyFolders\MaamGlobalinshorancejava11\sapientjun2022\globalinsyrancejava11\target\test-classes;C:\MyFolders\MaamGlobalinshorancejava11\sapientjun2022\globalinsyrancejava11\target\classes;C:\Users\mohpatil\.m2\repository\org\projectlombok\lombok\1.18.24\lombok-1.18.24.jar;C:\Users\mohpatil\.m2\repository\ch\qos\logback\logback-core\1.2.11\logback-core-1.2.11.jar;C:\Users\mohpatil\.m2\repository\ch\qos\logback\logback-classic\1.2.11\logback-classic-1.2.11.jar;C:\Users\mohpatil\.m2\repository\org\slf4j\slf4j-api\1.7.36\slf4j-api-1.7.36.jar;C:\Users\mohpatil\.m2\repository\org\junit\jupiter\junit-jupiter\5.8.2\junit-jupiter-5.8.2.jar;C:\Users\mohpatil\.m2\repository\org\junit\jupiter\junit-jupiter-engine\5.8.2\junit-jupiter-engine-5.8.2.jar;C:\Users\mohpatil\.m2\repository\org\junit\platform\junit-platform-engine\1.8.2\junit-platform-engine-1.8.2.jar;C:\Users\mohpatil\.m2\repository\org\junit\jupiter\junit-jupiter-api\5.8.2\junit-jupiter-api-5.8.2.jar;C:\Users\mohpatil\.m2\repository\org\opentest4j\opentest4j\1.2.0\opentest4j-1.2.0.jar;C:\Users\mohpatil\.m2\repository\org\junit\platform\junit-platform-commons\1.8.2\junit-platform-commons-1.8.2.jar;C:\Users\mohpatil\.m2\repository\org\apiguardian\apiguardian-api\1.1.2\apiguardian-api-1.1.2.jar;C:\Users\mohpatil\.m2\repository\org\junit\jupiter\junit-jupiter-params\5.8.2\junit-jupiter-params-5.8.2.jar;C:\Users\mohpatil\.m2\repository\org\junit\platform\junit-platform-suite\1.9.0-M1\junit-platform-suite-1.9.0-M1.jar;C:\Users\mohpatil\.m2\repository\org\junit\platform\junit-platform-suite-api\1.9.0-M1\junit-platform-suite-api-1.9.0-M1.jar;C:\Users\mohpatil\.m2\repository\org\junit\platform\junit-platform-suite-engine\1.9.0-M1\junit-platform-suite-engine-1.9.0-M1.jar;C:\Users\mohpatil\.m2\repository\org\junit\platform\junit-platform-suite-commons\1.9.0-M1\junit-platform-suite-commons-1.9.0-M1.jar;C:\Users\mohpatil\.m2\repository\org\junit\platform\junit-platform-launcher\1.9.0-M1\junit-platform-launcher-1.9.0-M1.jar;C:\Users\mohpatil\.m2\repository\org\apache\commons\commons-lang3\3.12.0\commons-lang3-3.12.0.jar;C:\Users\mohpatil\.m2\repository\org\mongodb\mongodb-driver\3.12.11\mongodb-driver-3.12.11.jar;C:\Users\mohpatil\.m2\repository\org\mongodb\bson\3.12.11\bson-3.12.11.jar;C:\Users\mohpatil\.m2\repository\org\mongodb\mongodb-driver-core\3.12.11\mongodb-driver-core-3.12.11.jar;C:\Users\mohpatil\.m2\repository\com\google\code\gson\gson\2.9.0\gson-2.9.0.jar;C:\Users\mohpatil\.m2\repository\org\hamcrest\hamcrest\2.2\hamcrest-2.2.jar;C:\Users\mohpatil\.m2\repository\org\hamcrest\hamcrest-all\1.3\hamcrest-all-1.3.jar;C:\Users\mohpatil\.m2\repository\org\postgresql\postgresql\42.4.0\postgresql-42.4.0.jar;C:\Users\mohpatil\.m2\repository\org\checkerframework\checker-qual\3.5.0\checker-qual-3.5.0.jar;C:\Users\mohpatil\.m2\repository\org\apache\maven\plugins\maven-surefire-report-plugin\3.0.0-M7\maven-surefire-report-plugin-3.0.0-M7.jar;C:\Users\mohpatil\.m2\repository\org\apache\maven\surefire\surefire-report-parser\3.0.0-M7\surefire-report-parser-3.0.0-M7.jar;C:\Users\mohpatil\.m2\repository\org\apache\maven\surefire\surefire-logger-api\3.0.0-M7\surefire-logger-api-3.0.0-M7.jar;C:\Users\mohpatil\.m2\repository\org\apache\maven\shared\maven-shared-utils\3.3.4\maven-shared-utils-3.3.4.jar;C:\Users\mohpatil\.m2\repository\commons-io\commons-io\2.6\commons-io-2.6.jar;C:\Users\mohpatil\.m2\repository\org\apache\maven\reporting\maven-reporting-api\3.1.0\maven-reporting-api-3.1.0.jar;C:\Users\mohpatil\.m2\repository\org\apache\maven\reporting\maven-reporting-impl\3.1.0\maven-reporting-impl-3.1.0.jar;C:\Users\mohpatil\.m2\repository\org\apache\maven\doxia\doxia-sink-api\1.11.1\doxia-sink-api-1.11.1.jar;C:\Users\mohpatil\.m2\repository\org\apache\maven\doxia\doxia-logging-api\1.11.1\doxia-logging-api-1.11.1.jar;C:\Users\mohpatil\.m2\repository\org\apache\maven\doxia\doxia-decoration-model\1.11.1\doxia-decoration-model-1.11.1.jar;C:\Users\mohpatil\.m2\repository\org\codehaus\plexus\plexus-component-annotations\2.0.0\plexus-component-annotations-2.0.0.jar;C:\Users\mohpatil\.m2\repository\org\apache\maven\doxia\doxia-core\1.11.1\doxia-core-1.11.1.jar;C:\Users\mohpatil\.m2\repository\org\codehaus\plexus\plexus-container-default\2.1.0\plexus-container-default-2.1.0.jar;C:\Users\mohpatil\.m2\repository\org\codehaus\plexus\plexus-classworlds\2.6.0\plexus-classworlds-2.6.0.jar;C:\Users\mohpatil\.m2\repository\org\apache\xbean\xbean-reflect\3.7\xbean-reflect-3.7.jar;C:\Users\mohpatil\.m2\repository\com\google\collections\google-collections\1.0\google-collections-1.0.jar;C:\Users\mohpatil\.m2\repository\org\apache\commons\commons-text\1.3\commons-text-1.3.jar;C:\Users\mohpatil\.m2\repository\org\apache\httpcomponents\httpclient\4.5.13\httpclient-4.5.13.jar;C:\Users\mohpatil\.m2\repository\commons-logging\commons-logging\1.2\commons-logging-1.2.jar;C:\Users\mohpatil\.m2\repository\commons-codec\commons-codec\1.11\commons-codec-1.11.jar;C:\Users\mohpatil\.m2\repository\org\apache\httpcomponents\httpcore\4.4.14\httpcore-4.4.14.jar;C:\Users\mohpatil\.m2\repository\org\apache\maven\doxia\doxia-site-renderer\1.11.1\doxia-site-renderer-1.11.1.jar;C:\Users\mohpatil\.m2\repository\org\apache\maven\maven-artifact\3.0\maven-artifact-3.0.jar;C:\Users\mohpatil\.m2\repository\org\apache\maven\doxia\doxia-skin-model\1.11.1\doxia-skin-model-1.11.1.jar;C:\Users\mohpatil\.m2\repository\org\apache\maven\doxia\doxia-module-xhtml\1.11.1\doxia-module-xhtml-1.11.1.jar;C:\Users\mohpatil\.m2\repository\org\apache\maven\doxia\doxia-module-xhtml5\1.11.1\doxia-module-xhtml5-1.11.1.jar;C:\Users\mohpatil\.m2\repository\org\codehaus\plexus\plexus-i18n\1.0-beta-10\plexus-i18n-1.0-beta-10.jar;C:\Users\mohpatil\.m2\repository\org\codehaus\plexus\plexus-velocity\1.2\plexus-velocity-1.2.jar;C:\Users\mohpatil\.m2\repository\org\apache\velocity\velocity\1.7\velocity-1.7.jar;C:\Users\mohpatil\.m2\repository\commons-lang\commons-lang\2.4\commons-lang-2.4.jar;C:\Users\mohpatil\.m2\repository\org\apache\velocity\velocity-tools\2.0\velocity-tools-2.0.jar;C:\Users\mohpatil\.m2\repository\commons-beanutils\commons-beanutils\1.7.0\commons-beanutils-1.7.0.jar;C:\Users\mohpatil\.m2\repository\commons-digester\commons-digester\1.8\commons-digester-1.8.jar;C:\Users\mohpatil\.m2\repository\commons-chain\commons-chain\1.1\commons-chain-1.1.jar;C:\Users\mohpatil\.m2\repository\dom4j\dom4j\1.1\dom4j-1.1.jar;C:\Users\mohpatil\.m2\repository\oro\oro\2.0.8\oro-2.0.8.jar;C:\Users\mohpatil\.m2\repository\commons-collections\commons-collections\3.2.2\commons-collections-3.2.2.jar;C:\Users\mohpatil\.m2\repository\org\codehaus\plexus\plexus-utils\3.0.24\plexus-utils-3.0.24.jar;"/>
    <property name="sun.cpu.endian" value="little"/>
    <property name="user.home" value="C:\Users\mohpatil"/>
    <property name="user.language" value="en"/>
    <property name="java.specification.vendor" value="Oracle Corporation"/>
    <property name="java.version.date" value="2022-04-22"/>
    <property name="java.home" value="C:\Program Files\Java\jdk-11.0.15.1"/>
    <property name="file.separator" value="\"/>
    <property name="basedir" value="C:\MyFolders\MaamGlobalinshorancejava11\sapientjun2022\globalinsyrancejava11"/>
    <property name="java.vm.compressedOopsMode" value="Zero based"/>
    <property name="line.separator" value="&#10;"/>
    <property name="java.specification.name" value="Java Platform API Specification"/>
    <property name="java.vm.specification.vendor" value="Oracle Corporation"/>
    <property name="java.awt.graphicsenv" value="sun.awt.Win32GraphicsEnvironment"/>
    <property name="surefire.real.class.path" value="C:\Users\mohpatil\AppData\Local\Temp\surefire14579300874602828542\surefirebooter15647527288672818861.jar"/>
    <property name="user.script" value=""/>
    <property name="sun.management.compiler" value="HotSpot 64-Bit Tiered Compilers"/>
    <property name="java.runtime.version" value="11.0.15.1+2-LTS-10"/>
    <property name="user.name" value="mohpatil"/>
    <property name="path.separator" value=";"/>
    <property name="os.version" value="10.0"/>
    <property name="java.runtime.name" value="Java(TM) SE Runtime Environment"/>
    <property name="file.encoding" value="Cp1252"/>
    <property name="java.vm.name" value="Java HotSpot(TM) 64-Bit Server VM"/>
    <property name="java.vendor.version" value="18.9"/>
    <property name="localRepository" value="C:\Users\mohpatil\.m2\repository"/>
    <property name="java.vendor.url.bug" value="https://bugreport.java.com/bugreport/"/>
    <property name="java.io.tmpdir" value="C:\Users\mohpatil\AppData\Local\Temp\"/>
    <property name="java.version" value="11.0.15.1"/>
    <property name="user.dir" value="C:\MyFolders\MaamGlobalinshorancejava11\sapientjun2022\globalinsyrancejava11"/>
    <property name="os.arch" value="amd64"/>
    <property name="java.vm.specification.name" value="Java Virtual Machine Specification"/>
    <property name="java.awt.printerjob" value="sun.awt.windows.WPrinterJob"/>
    <property name="sun.os.patch.level" value=""/>
    <property name="java.library.path" value="C:\Program Files\Java\jdk-11.0.15.1\bin;C:\WINDOWS\Sun\Java\bin;C:\WINDOWS\system32;C:\WINDOWS;C:\Python310\Scripts\;C:\Python310\;C:\Program Files\Common Files\Oracle\Java\javapath;C:\Program Files (x86)\Common Files\Oracle\Java\javapath;C:\WINDOWS\system32;C:\WINDOWS;C:\WINDOWS\System32\Wbem;C:\WINDOWS\System32\WindowsPowerShell\v1.0\;C:\WINDOWS\System32\OpenSSH\;C:\Program Files (x86)\CheckPoint\Endpoint Security\Endpoint Common\bin;C:\Program Files\Java\jdk1.8.0_331\bin;C:\Program Files\Git\cmd;C:\Program Files\Java\jdk-11.0.15.1\bin;C:\MySoftwares\apache-maven-3.8.6-bin\apache-maven-3.8.6\bin;C:\Program Files\MongoDB\Server\5.0\bin;C:\Program Files\nodejs\;C:\ProgramData\chocolatey\bin;C:\Users\mohpatil\AppData\Local\Microsoft\WindowsApps;;C:\Users\mohpatil\AppData\Local\Programs\Microsoft VS Code\bin;C:\Users\mohpatil\AppData\Roaming\npm;."/>
    <property name="java.vendor" value="Oracle Corporation"/>
    <property name="java.vm.info" value="mixed mode"/>
    <property name="java.vm.version" value="11.0.15.1+2-LTS-10"/>
    <property name="sun.io.unicode.encoding" value="UnicodeLittle"/>
    <property name="java.class.version" value="55.0"/>
  </properties>
  <testcase name="addClaimTest" classname="com.sapient.dao.ClaimPostgresImplTest" time="0.523"/>
  <testcase name="findClaimByIdTest" classname="com.sapient.dao.ClaimPostgresImplTest" time="0.099"/>
  <testcase name="updateClaimTest" classname="com.sapient.dao.ClaimPostgresImplTest" time="0.101"/>
  <testcase name="searchClaimsTest" classname="com.sapient.dao.ClaimPostgresImplTest" time="0.132"/>
  <testcase name="deleteClaimByIdTest" classname="com.sapient.dao.ClaimPostgresImplTest" time="0.12"/>
</testsuite>